<?xml version="1.0" encoding="UTF-8"?>
<testsuite xmlns:xsi="http://www.w3.org/2001/XMLSchema-instance" xsi:noNamespaceSchemaLocation="https://maven.apache.org/surefire/maven-surefire-plugin/xsd/surefire-test-report.xsd" name="io.hexaforce.dievas.businesslogic.AppTest" time="0.03" tests="1" errors="0" skipped="0" failures="0">
  <properties>
    <property name="sun.desktop" value="windows"/>
    <property name="awt.toolkit" value="sun.awt.windows.WToolkit"/>
    <property name="file.encoding.pkg" value="sun.io"/>
    <property name="java.specification.version" value="1.8"/>
    <property name="sun.cpu.isalist" value="amd64"/>
    <property name="sun.jnu.encoding" value="MS932"/>
    <property name="java.class.path" value="C:\Users\tanta\Documents\workspace-sts-3.9.1.RELEASE\Dievas\businesslogic\target\test-classes;C:\Users\tanta\Documents\workspace-sts-3.9.1.RELEASE\Dievas\businesslogic\target\classes;C:\Users\tanta\Documents\workspace-sts-3.9.1.RELEASE\Dievas\commons\target\dievas-commons.jar;C:\Users\tanta\Documents\workspace-sts-3.9.1.RELEASE\Dievas\database\target\dievas-database.jar;C:\Users\tanta\.m2\repository\org\springframework\boot\spring-boot-starter-data-jpa\2.0.0.BUILD-SNAPSHOT\spring-boot-starter-data-jpa-2.0.0.BUILD-SNAPSHOT.jar;C:\Users\tanta\.m2\repository\org\springframework\boot\spring-boot-starter-aop\2.0.0.BUILD-SNAPSHOT\spring-boot-starter-aop-2.0.0.BUILD-SNAPSHOT.jar;C:\Users\tanta\.m2\repository\org\aspectj\aspectjweaver\1.8.12\aspectjweaver-1.8.12.jar;C:\Users\tanta\.m2\repository\org\springframework\boot\spring-boot-starter-jdbc\2.0.0.BUILD-SNAPSHOT\spring-boot-starter-jdbc-2.0.0.BUILD-SNAPSHOT.jar;C:\Users\tanta\.m2\repository\com\zaxxer\HikariCP\2.7.2\HikariCP-2.7.2.jar;C:\Users\tanta\.m2\repository\org\springframework\spring-jdbc\5.0.1.RELEASE\spring-jdbc-5.0.1.RELEASE.jar;C:\Users\tanta\.m2\repository\org\hibernate\hibernate-core\5.2.12.Final\hibernate-core-5.2.12.Final.jar;C:\Users\tanta\.m2\repository\org\hibernate\javax\persistence\hibernate-jpa-2.1-api\1.0.0.Final\hibernate-jpa-2.1-api-1.0.0.Final.jar;C:\Users\tanta\.m2\repository\org\javassist\javassist\3.22.0-CR2\javassist-3.22.0-CR2.jar;C:\Users\tanta\.m2\repository\antlr\antlr\2.7.7\antlr-2.7.7.jar;C:\Users\tanta\.m2\repository\org\jboss\jandex\2.0.3.Final\jandex-2.0.3.Final.jar;C:\Users\tanta\.m2\repository\dom4j\dom4j\1.6.1\dom4j-1.6.1.jar;C:\Users\tanta\.m2\repository\org\hibernate\common\hibernate-commons-annotations\5.0.1.Final\hibernate-commons-annotations-5.0.1.Final.jar;C:\Users\tanta\.m2\repository\javax\transaction\javax.transaction-api\1.2\javax.transaction-api-1.2.jar;C:\Users\tanta\.m2\repository\org\springframework\data\spring-data-jpa\2.0.1.RELEASE\spring-data-jpa-2.0.1.RELEASE.jar;C:\Users\tanta\.m2\repository\org\springframework\data\spring-data-commons\2.0.1.RELEASE\spring-data-commons-2.0.1.RELEASE.jar;C:\Users\tanta\.m2\repository\org\springframework\spring-orm\5.0.1.RELEASE\spring-orm-5.0.1.RELEASE.jar;C:\Users\tanta\.m2\repository\org\springframework\spring-tx\5.0.1.RELEASE\spring-tx-5.0.1.RELEASE.jar;C:\Users\tanta\.m2\repository\org\slf4j\slf4j-api\1.7.25\slf4j-api-1.7.25.jar;C:\Users\tanta\.m2\repository\org\springframework\spring-aspects\5.0.1.RELEASE\spring-aspects-5.0.1.RELEASE.jar;C:\Users\tanta\.m2\repository\com\h2database\h2\1.4.196\h2-1.4.196.jar;C:\Users\tanta\.m2\repository\mysql\mysql-connector-java\5.1.44\mysql-connector-java-5.1.44.jar;C:\Users\tanta\.m2\repository\org\flywaydb\flyway-core\4.2.0\flyway-core-4.2.0.jar;C:\Users\tanta\.m2\repository\junit\junit\4.12\junit-4.12.jar;C:\Users\tanta\.m2\repository\org\hamcrest\hamcrest-core\1.3\hamcrest-core-1.3.jar;C:\Users\tanta\.m2\repository\org\springframework\boot\spring-boot-starter-actuator\2.0.0.BUILD-SNAPSHOT\spring-boot-starter-actuator-2.0.0.BUILD-SNAPSHOT.jar;C:\Users\tanta\.m2\repository\org\springframework\boot\spring-boot-starter\2.0.0.BUILD-SNAPSHOT\spring-boot-starter-2.0.0.BUILD-SNAPSHOT.jar;C:\Users\tanta\.m2\repository\org\springframework\boot\spring-boot-starter-logging\2.0.0.BUILD-SNAPSHOT\spring-boot-starter-logging-2.0.0.BUILD-SNAPSHOT.jar;C:\Users\tanta\.m2\repository\ch\qos\logback\logback-classic\1.2.3\logback-classic-1.2.3.jar;C:\Users\tanta\.m2\repository\ch\qos\logback\logback-core\1.2.3\logback-core-1.2.3.jar;C:\Users\tanta\.m2\repository\org\slf4j\jul-to-slf4j\1.7.25\jul-to-slf4j-1.7.25.jar;C:\Users\tanta\.m2\repository\org\slf4j\log4j-over-slf4j\1.7.25\log4j-over-slf4j-1.7.25.jar;C:\Users\tanta\.m2\repository\javax\annotation\javax.annotation-api\1.3.1\javax.annotation-api-1.3.1.jar;C:\Users\tanta\.m2\repository\org\springframework\spring-core\5.0.1.RELEASE\spring-core-5.0.1.RELEASE.jar;C:\Users\tanta\.m2\repository\org\springframework\spring-jcl\5.0.1.RELEASE\spring-jcl-5.0.1.RELEASE.jar;C:\Users\tanta\.m2\repository\org\yaml\snakeyaml\1.19\snakeyaml-1.19.jar;C:\Users\tanta\.m2\repository\org\springframework\boot\spring-boot-actuator-autoconfigure\2.0.0.BUILD-SNAPSHOT\spring-boot-actuator-autoconfigure-2.0.0.BUILD-SNAPSHOT.jar;C:\Users\tanta\.m2\repository\org\springframework\boot\spring-boot-actuator\2.0.0.BUILD-SNAPSHOT\spring-boot-actuator-2.0.0.BUILD-SNAPSHOT.jar;C:\Users\tanta\.m2\repository\com\fasterxml\jackson\core\jackson-databind\2.9.2\jackson-databind-2.9.2.jar;C:\Users\tanta\.m2\repository\com\fasterxml\jackson\core\jackson-annotations\2.9.0\jackson-annotations-2.9.0.jar;C:\Users\tanta\.m2\repository\com\fasterxml\jackson\core\jackson-core\2.9.2\jackson-core-2.9.2.jar;C:\Users\tanta\.m2\repository\org\springframework\spring-context\5.0.1.RELEASE\spring-context-5.0.1.RELEASE.jar;C:\Users\tanta\.m2\repository\io\micrometer\micrometer-core\1.0.0-rc.2\micrometer-core-1.0.0-rc.2.jar;C:\Users\tanta\.m2\repository\org\springframework\boot\spring-boot-autoconfigure\2.0.0.BUILD-SNAPSHOT\spring-boot-autoconfigure-2.0.0.BUILD-SNAPSHOT.jar;C:\Users\tanta\.m2\repository\org\springframework\boot\spring-boot\2.0.0.BUILD-SNAPSHOT\spring-boot-2.0.0.BUILD-SNAPSHOT.jar;C:\Users\tanta\.m2\repository\org\projectlombok\lombok\1.16.18\lombok-1.16.18.jar;C:\Users\tanta\.m2\repository\org\springframework\boot\spring-boot-devtools\2.0.0.BUILD-SNAPSHOT\spring-boot-devtools-2.0.0.BUILD-SNAPSHOT.jar;C:\Users\tanta\.m2\repository\org\springframework\boot\spring-boot-starter-web\2.0.0.BUILD-SNAPSHOT\spring-boot-starter-web-2.0.0.BUILD-SNAPSHOT.jar;C:\Users\tanta\.m2\repository\org\springframework\boot\spring-boot-starter-json\2.0.0.BUILD-SNAPSHOT\spring-boot-starter-json-2.0.0.BUILD-SNAPSHOT.jar;C:\Users\tanta\.m2\repository\com\fasterxml\jackson\datatype\jackson-datatype-jdk8\2.9.2\jackson-datatype-jdk8-2.9.2.jar;C:\Users\tanta\.m2\repository\com\fasterxml\jackson\datatype\jackson-datatype-jsr310\2.9.2\jackson-datatype-jsr310-2.9.2.jar;C:\Users\tanta\.m2\repository\com\fasterxml\jackson\module\jackson-module-parameter-names\2.9.2\jackson-module-parameter-names-2.9.2.jar;C:\Users\tanta\.m2\repository\com\fasterxml\jackson\module\jackson-module-kotlin\2.9.2\jackson-module-kotlin-2.9.2.jar;C:\Users\tanta\.m2\repository\org\springframework\boot\spring-boot-starter-tomcat\2.0.0.BUILD-SNAPSHOT\spring-boot-starter-tomcat-2.0.0.BUILD-SNAPSHOT.jar;C:\Users\tanta\.m2\repository\org\apache\tomcat\embed\tomcat-embed-core\8.5.23\tomcat-embed-core-8.5.23.jar;C:\Users\tanta\.m2\repository\org\apache\tomcat\tomcat-annotations-api\8.5.23\tomcat-annotations-api-8.5.23.jar;C:\Users\tanta\.m2\repository\org\apache\tomcat\embed\tomcat-embed-el\8.5.23\tomcat-embed-el-8.5.23.jar;C:\Users\tanta\.m2\repository\org\apache\tomcat\embed\tomcat-embed-websocket\8.5.23\tomcat-embed-websocket-8.5.23.jar;C:\Users\tanta\.m2\repository\org\hibernate\validator\hibernate-validator\6.0.4.Final\hibernate-validator-6.0.4.Final.jar;C:\Users\tanta\.m2\repository\javax\validation\validation-api\2.0.0.Final\validation-api-2.0.0.Final.jar;C:\Users\tanta\.m2\repository\org\jboss\logging\jboss-logging\3.3.1.Final\jboss-logging-3.3.1.Final.jar;C:\Users\tanta\.m2\repository\com\fasterxml\classmate\1.3.4\classmate-1.3.4.jar;C:\Users\tanta\.m2\repository\org\springframework\spring-web\5.0.1.RELEASE\spring-web-5.0.1.RELEASE.jar;C:\Users\tanta\.m2\repository\org\springframework\spring-beans\5.0.1.RELEASE\spring-beans-5.0.1.RELEASE.jar;C:\Users\tanta\.m2\repository\org\springframework\spring-webmvc\5.0.1.RELEASE\spring-webmvc-5.0.1.RELEASE.jar;C:\Users\tanta\.m2\repository\org\springframework\spring-aop\5.0.1.RELEASE\spring-aop-5.0.1.RELEASE.jar;C:\Users\tanta\.m2\repository\org\springframework\spring-expression\5.0.1.RELEASE\spring-expression-5.0.1.RELEASE.jar;"/>
    <property name="java.vm.vendor" value="Oracle Corporation"/>
    <property name="sun.arch.data.model" value="64"/>
    <property name="user.variant" value=""/>
    <property name="java.vendor.url" value="http://java.oracle.com/"/>
    <property name="user.timezone" value=""/>
    <property name="java.vm.specification.version" value="1.8"/>
    <property name="os.name" value="Windows 10"/>
    <property name="user.country" value="JP"/>
    <property name="sun.java.launcher" value="SUN_STANDARD"/>
    <property name="sun.boot.library.path" value="C:\Program Files\Java\jdk1.8.0_144\jre\bin"/>
    <property name="sun.java.command" value="C:\Users\tanta\AppData\Local\Temp\surefire9040996235026267340\surefirebooter5656582652805113441.jar C:\Users\tanta\AppData\Local\Temp\surefire9040996235026267340 2017-10-29T19-18-02_769-jvmRun1 surefire1599562201021738545tmp surefire_27719861422316510441tmp"/>
    <property name="surefire.test.class.path" value="C:\Users\tanta\Documents\workspace-sts-3.9.1.RELEASE\Dievas\businesslogic\target\test-classes;C:\Users\tanta\Documents\workspace-sts-3.9.1.RELEASE\Dievas\businesslogic\target\classes;C:\Users\tanta\Documents\workspace-sts-3.9.1.RELEASE\Dievas\commons\target\dievas-commons.jar;C:\Users\tanta\Documents\workspace-sts-3.9.1.RELEASE\Dievas\database\target\dievas-database.jar;C:\Users\tanta\.m2\repository\org\springframework\boot\spring-boot-starter-data-jpa\2.0.0.BUILD-SNAPSHOT\spring-boot-starter-data-jpa-2.0.0.BUILD-SNAPSHOT.jar;C:\Users\tanta\.m2\repository\org\springframework\boot\spring-boot-starter-aop\2.0.0.BUILD-SNAPSHOT\spring-boot-starter-aop-2.0.0.BUILD-SNAPSHOT.jar;C:\Users\tanta\.m2\repository\org\aspectj\aspectjweaver\1.8.12\aspectjweaver-1.8.12.jar;C:\Users\tanta\.m2\repository\org\springframework\boot\spring-boot-starter-jdbc\2.0.0.BUILD-SNAPSHOT\spring-boot-starter-jdbc-2.0.0.BUILD-SNAPSHOT.jar;C:\Users\tanta\.m2\repository\com\zaxxer\HikariCP\2.7.2\HikariCP-2.7.2.jar;C:\Users\tanta\.m2\repository\org\springframework\spring-jdbc\5.0.1.RELEASE\spring-jdbc-5.0.1.RELEASE.jar;C:\Users\tanta\.m2\repository\org\hibernate\hibernate-core\5.2.12.Final\hibernate-core-5.2.12.Final.jar;C:\Users\tanta\.m2\repository\org\hibernate\javax\persistence\hibernate-jpa-2.1-api\1.0.0.Final\hibernate-jpa-2.1-api-1.0.0.Final.jar;C:\Users\tanta\.m2\repository\org\javassist\javassist\3.22.0-CR2\javassist-3.22.0-CR2.jar;C:\Users\tanta\.m2\repository\antlr\antlr\2.7.7\antlr-2.7.7.jar;C:\Users\tanta\.m2\repository\org\jboss\jandex\2.0.3.Final\jandex-2.0.3.Final.jar;C:\Users\tanta\.m2\repository\dom4j\dom4j\1.6.1\dom4j-1.6.1.jar;C:\Users\tanta\.m2\repository\org\hibernate\common\hibernate-commons-annotations\5.0.1.Final\hibernate-commons-annotations-5.0.1.Final.jar;C:\Users\tanta\.m2\repository\javax\transaction\javax.transaction-api\1.2\javax.transaction-api-1.2.jar;C:\Users\tanta\.m2\repository\org\springframework\data\spring-data-jpa\2.0.1.RELEASE\spring-data-jpa-2.0.1.RELEASE.jar;C:\Users\tanta\.m2\repository\org\springframework\data\spring-data-commons\2.0.1.RELEASE\spring-data-commons-2.0.1.RELEASE.jar;C:\Users\tanta\.m2\repository\org\springframework\spring-orm\5.0.1.RELEASE\spring-orm-5.0.1.RELEASE.jar;C:\Users\tanta\.m2\repository\org\springframework\spring-tx\5.0.1.RELEASE\spring-tx-5.0.1.RELEASE.jar;C:\Users\tanta\.m2\repository\org\slf4j\slf4j-api\1.7.25\slf4j-api-1.7.25.jar;C:\Users\tanta\.m2\repository\org\springframework\spring-aspects\5.0.1.RELEASE\spring-aspects-5.0.1.RELEASE.jar;C:\Users\tanta\.m2\repository\com\h2database\h2\1.4.196\h2-1.4.196.jar;C:\Users\tanta\.m2\repository\mysql\mysql-connector-java\5.1.44\mysql-connector-java-5.1.44.jar;C:\Users\tanta\.m2\repository\org\flywaydb\flyway-core\4.2.0\flyway-core-4.2.0.jar;C:\Users\tanta\.m2\repository\junit\junit\4.12\junit-4.12.jar;C:\Users\tanta\.m2\repository\org\hamcrest\hamcrest-core\1.3\hamcrest-core-1.3.jar;C:\Users\tanta\.m2\repository\org\springframework\boot\spring-boot-starter-actuator\2.0.0.BUILD-SNAPSHOT\spring-boot-starter-actuator-2.0.0.BUILD-SNAPSHOT.jar;C:\Users\tanta\.m2\repository\org\springframework\boot\spring-boot-starter\2.0.0.BUILD-SNAPSHOT\spring-boot-starter-2.0.0.BUILD-SNAPSHOT.jar;C:\Users\tanta\.m2\repository\org\springframework\boot\spring-boot-starter-logging\2.0.0.BUILD-SNAPSHOT\spring-boot-starter-logging-2.0.0.BUILD-SNAPSHOT.jar;C:\Users\tanta\.m2\repository\ch\qos\logback\logback-classic\1.2.3\logback-classic-1.2.3.jar;C:\Users\tanta\.m2\repository\ch\qos\logback\logback-core\1.2.3\logback-core-1.2.3.jar;C:\Users\tanta\.m2\repository\org\slf4j\jul-to-slf4j\1.7.25\jul-to-slf4j-1.7.25.jar;C:\Users\tanta\.m2\repository\org\slf4j\log4j-over-slf4j\1.7.25\log4j-over-slf4j-1.7.25.jar;C:\Users\tanta\.m2\repository\javax\annotation\javax.annotation-api\1.3.1\javax.annotation-api-1.3.1.jar;C:\Users\tanta\.m2\repository\org\springframework\spring-core\5.0.1.RELEASE\spring-core-5.0.1.RELEASE.jar;C:\Users\tanta\.m2\repository\org\springframework\spring-jcl\5.0.1.RELEASE\spring-jcl-5.0.1.RELEASE.jar;C:\Users\tanta\.m2\repository\org\yaml\snakeyaml\1.19\snakeyaml-1.19.jar;C:\Users\tanta\.m2\repository\org\springframework\boot\spring-boot-actuator-autoconfigure\2.0.0.BUILD-SNAPSHOT\spring-boot-actuator-autoconfigure-2.0.0.BUILD-SNAPSHOT.jar;C:\Users\tanta\.m2\repository\org\springframework\boot\spring-boot-actuator\2.0.0.BUILD-SNAPSHOT\spring-boot-actuator-2.0.0.BUILD-SNAPSHOT.jar;C:\Users\tanta\.m2\repository\com\fasterxml\jackson\core\jackson-databind\2.9.2\jackson-databind-2.9.2.jar;C:\Users\tanta\.m2\repository\com\fasterxml\jackson\core\jackson-annotations\2.9.0\jackson-annotations-2.9.0.jar;C:\Users\tanta\.m2\repository\com\fasterxml\jackson\core\jackson-core\2.9.2\jackson-core-2.9.2.jar;C:\Users\tanta\.m2\repository\org\springframework\spring-context\5.0.1.RELEASE\spring-context-5.0.1.RELEASE.jar;C:\Users\tanta\.m2\repository\io\micrometer\micrometer-core\1.0.0-rc.2\micrometer-core-1.0.0-rc.2.jar;C:\Users\tanta\.m2\repository\org\springframework\boot\spring-boot-autoconfigure\2.0.0.BUILD-SNAPSHOT\spring-boot-autoconfigure-2.0.0.BUILD-SNAPSHOT.jar;C:\Users\tanta\.m2\repository\org\springframework\boot\spring-boot\2.0.0.BUILD-SNAPSHOT\spring-boot-2.0.0.BUILD-SNAPSHOT.jar;C:\Users\tanta\.m2\repository\org\projectlombok\lombok\1.16.18\lombok-1.16.18.jar;C:\Users\tanta\.m2\repository\org\springframework\boot\spring-boot-devtools\2.0.0.BUILD-SNAPSHOT\spring-boot-devtools-2.0.0.BUILD-SNAPSHOT.jar;C:\Users\tanta\.m2\repository\org\springframework\boot\spring-boot-starter-web\2.0.0.BUILD-SNAPSHOT\spring-boot-starter-web-2.0.0.BUILD-SNAPSHOT.jar;C:\Users\tanta\.m2\repository\org\springframework\boot\spring-boot-starter-json\2.0.0.BUILD-SNAPSHOT\spring-boot-starter-json-2.0.0.BUILD-SNAPSHOT.jar;C:\Users\tanta\.m2\repository\com\fasterxml\jackson\datatype\jackson-datatype-jdk8\2.9.2\jackson-datatype-jdk8-2.9.2.jar;C:\Users\tanta\.m2\repository\com\fasterxml\jackson\datatype\jackson-datatype-jsr310\2.9.2\jackson-datatype-jsr310-2.9.2.jar;C:\Users\tanta\.m2\repository\com\fasterxml\jackson\module\jackson-module-parameter-names\2.9.2\jackson-module-parameter-names-2.9.2.jar;C:\Users\tanta\.m2\repository\com\fasterxml\jackson\module\jackson-module-kotlin\2.9.2\jackson-module-kotlin-2.9.2.jar;C:\Users\tanta\.m2\repository\org\springframework\boot\spring-boot-starter-tomcat\2.0.0.BUILD-SNAPSHOT\spring-boot-starter-tomcat-2.0.0.BUILD-SNAPSHOT.jar;C:\Users\tanta\.m2\repository\org\apache\tomcat\embed\tomcat-embed-core\8.5.23\tomcat-embed-core-8.5.23.jar;C:\Users\tanta\.m2\repository\org\apache\tomcat\tomcat-annotations-api\8.5.23\tomcat-annotations-api-8.5.23.jar;C:\Users\tanta\.m2\repository\org\apache\tomcat\embed\tomcat-embed-el\8.5.23\tomcat-embed-el-8.5.23.jar;C:\Users\tanta\.m2\repository\org\apache\tomcat\embed\tomcat-embed-websocket\8.5.23\tomcat-embed-websocket-8.5.23.jar;C:\Users\tanta\.m2\repository\org\hibernate\validator\hibernate-validator\6.0.4.Final\hibernate-validator-6.0.4.Final.jar;C:\Users\tanta\.m2\repository\javax\validation\validation-api\2.0.0.Final\validation-api-2.0.0.Final.jar;C:\Users\tanta\.m2\repository\org\jboss\logging\jboss-logging\3.3.1.Final\jboss-logging-3.3.1.Final.jar;C:\Users\tanta\.m2\repository\com\fasterxml\classmate\1.3.4\classmate-1.3.4.jar;C:\Users\tanta\.m2\repository\org\springframework\spring-web\5.0.1.RELEASE\spring-web-5.0.1.RELEASE.jar;C:\Users\tanta\.m2\repository\org\springframework\spring-beans\5.0.1.RELEASE\spring-beans-5.0.1.RELEASE.jar;C:\Users\tanta\.m2\repository\org\springframework\spring-webmvc\5.0.1.RELEASE\spring-webmvc-5.0.1.RELEASE.jar;C:\Users\tanta\.m2\repository\org\springframework\spring-aop\5.0.1.RELEASE\spring-aop-5.0.1.RELEASE.jar;C:\Users\tanta\.m2\repository\org\springframework\spring-expression\5.0.1.RELEASE\spring-expression-5.0.1.RELEASE.jar;"/>
    <property name="sun.cpu.endian" value="little"/>
    <property name="user.home" value="C:\Users\tanta"/>
    <property name="user.language" value="ja"/>
    <property name="java.specification.vendor" value="Oracle Corporation"/>
    <property name="java.home" value="C:\Program Files\Java\jdk1.8.0_144\jre"/>
    <property name="basedir" value="C:\Users\tanta\Documents\workspace-sts-3.9.1.RELEASE\Dievas\businesslogic"/>
    <property name="file.separator" value="\"/>
    <property name="line.separator" value="&#10;"/>
    <property name="java.vm.specification.vendor" value="Oracle Corporation"/>
    <property name="java.specification.name" value="Java Platform API Specification"/>
    <property name="java.awt.graphicsenv" value="sun.awt.Win32GraphicsEnvironment"/>
    <property name="surefire.real.class.path" value="C:\Users\tanta\AppData\Local\Temp\surefire9040996235026267340\surefirebooter5656582652805113441.jar"/>
    <property name="sun.boot.class.path" value="C:\Program Files\Java\jdk1.8.0_144\jre\lib\resources.jar;C:\Program Files\Java\jdk1.8.0_144\jre\lib\rt.jar;C:\Program Files\Java\jdk1.8.0_144\jre\lib\sunrsasign.jar;C:\Program Files\Java\jdk1.8.0_144\jre\lib\jsse.jar;C:\Program Files\Java\jdk1.8.0_144\jre\lib\jce.jar;C:\Program Files\Java\jdk1.8.0_144\jre\lib\charsets.jar;C:\Program Files\Java\jdk1.8.0_144\jre\lib\jfr.jar;C:\Program Files\Java\jdk1.8.0_144\jre\classes"/>
    <property name="user.script" value=""/>
    <property name="sun.management.compiler" value="HotSpot 64-Bit Tiered Compilers"/>
    <property name="java.runtime.version" value="1.8.0_144-b01"/>
    <property name="user.name" value="tanta"/>
    <property name="path.separator" value=";"/>
    <property name="os.version" value="10.0"/>
    <property name="java.endorsed.dirs" value="C:\Program Files\Java\jdk1.8.0_144\jre\lib\endorsed"/>
    <property name="java.runtime.name" value="Java(TM) SE Runtime Environment"/>
    <property name="file.encoding" value="MS932"/>
    <property name="java.vm.name" value="Java HotSpot(TM) 64-Bit Server VM"/>
    <property name="localRepository" value="C:\Users\tanta\.m2\repository"/>
    <property name="java.vendor.url.bug" value="http://bugreport.sun.com/bugreport/"/>
    <property name="java.io.tmpdir" value="C:\Users\tanta\AppData\Local\Temp\"/>
    <property name="java.version" value="1.8.0_144"/>
    <property name="user.dir" value="C:\Users\tanta\Documents\workspace-sts-3.9.1.RELEASE\Dievas\businesslogic"/>
    <property name="os.arch" value="amd64"/>
    <property name="java.vm.specification.name" value="Java Virtual Machine Specification"/>
    <property name="java.awt.printerjob" value="sun.awt.windows.WPrinterJob"/>
    <property name="sun.os.patch.level" value=""/>
    <property name="java.library.path" value="C:\Program Files\Java\jdk1.8.0_144\jre\bin;C:\WINDOWS\Sun\Java\bin;C:\WINDOWS\system32;C:\WINDOWS;C:/Program Files/Java/jre1.8.0_144/bin/server;C:/Program Files/Java/jre1.8.0_144/bin;C:/Program Files/Java/jre1.8.0_144/lib/amd64;C:\ProgramData\Oracle\Java\javapath;C:\WINDOWS\system32;C:\WINDOWS;C:\WINDOWS\System32\Wbem;C:\WINDOWS\System32\WindowsPowerShell\v1.0\;C:\Program Files\Intel\WiFi\bin\;C:\Program Files\Common Files\Intel\WirelessCommon\;C:\Program Files (x86)\NVIDIA Corporation\PhysX\Common;C:\Program Files (x86)\GtkSharp\2.12\bin;C:\HashiCorp\Vagrant\bin;C:\Users\tanta\AppData\Local\Microsoft\WindowsApps;C:\Program Files\Intel\WiFi\bin\;C:\Program Files\Common Files\Intel\WirelessCommon\;C:\Users\tanta\AppData\Local\atom\bin;E:\sts-bundle\sts-3.9.1.RELEASE;;."/>
    <property name="java.vm.info" value="mixed mode"/>
    <property name="java.vendor" value="Oracle Corporation"/>
    <property name="java.vm.version" value="25.144-b01"/>
    <property name="java.ext.dirs" value="C:\Program Files\Java\jdk1.8.0_144\jre\lib\ext;C:\WINDOWS\Sun\Java\lib\ext"/>
    <property name="sun.io.unicode.encoding" value="UnicodeLittle"/>
    <property name="java.class.version" value="52.0"/>
  </properties>
  <testcase name="testApp" classname="io.hexaforce.dievas.businesslogic.AppTest" time="0.001"/>
</testsuite>