<?xml version="1.0" encoding="UTF-8"?>
<testsuite xmlns:xsi="http://www.w3.org/2001/XMLSchema-instance" xsi:noNamespaceSchemaLocation="https://maven.apache.org/surefire/maven-surefire-plugin/xsd/surefire-test-report.xsd" name="io.hexaforce.dievas.system.DievasTest" time="5.942" tests="1" errors="0" skipped="0" failures="0">
  <properties>
    <property name="sun.desktop" value="windows"/>
    <property name="awt.toolkit" value="sun.awt.windows.WToolkit"/>
    <property name="file.encoding.pkg" value="sun.io"/>
    <property name="java.specification.version" value="1.8"/>
    <property name="sun.cpu.isalist" value="amd64"/>
    <property name="sun.jnu.encoding" value="MS932"/>
    <property name="java.class.path" value="C:\Users\tanta\git\Dievas\system\target\test-classes;C:\Users\tanta\git\Dievas\system\target\classes;C:\Users\tanta\git\Dievas\commons\target\dievas-commons.jar;C:\Users\tanta\.m2\repository\com\google\guava\guava\23.3-jre\guava-23.3-jre.jar;C:\Users\tanta\.m2\repository\com\google\code\findbugs\jsr305\1.3.9\jsr305-1.3.9.jar;C:\Users\tanta\.m2\repository\com\google\errorprone\error_prone_annotations\2.0.18\error_prone_annotations-2.0.18.jar;C:\Users\tanta\.m2\repository\com\google\j2objc\j2objc-annotations\1.1\j2objc-annotations-1.1.jar;C:\Users\tanta\.m2\repository\org\codehaus\mojo\animal-sniffer-annotations\1.14\animal-sniffer-annotations-1.14.jar;C:\Users\tanta\git\Dievas\database\target\dievas-database.jar;C:\Users\tanta\.m2\repository\org\springframework\boot\spring-boot-starter-data-jpa\2.0.0.M5\spring-boot-starter-data-jpa-2.0.0.M5.jar;C:\Users\tanta\.m2\repository\org\springframework\boot\spring-boot-starter-aop\2.0.0.M5\spring-boot-starter-aop-2.0.0.M5.jar;C:\Users\tanta\.m2\repository\org\aspectj\aspectjweaver\1.8.11\aspectjweaver-1.8.11.jar;C:\Users\tanta\.m2\repository\org\springframework\boot\spring-boot-starter-jdbc\2.0.0.M5\spring-boot-starter-jdbc-2.0.0.M5.jar;C:\Users\tanta\.m2\repository\com\zaxxer\HikariCP\2.7.2\HikariCP-2.7.2.jar;C:\Users\tanta\.m2\repository\org\springframework\spring-jdbc\5.0.0.RELEASE\spring-jdbc-5.0.0.RELEASE.jar;C:\Users\tanta\.m2\repository\org\hibernate\hibernate-core\5.2.11.Final\hibernate-core-5.2.11.Final.jar;C:\Users\tanta\.m2\repository\org\hibernate\javax\persistence\hibernate-jpa-2.1-api\1.0.0.Final\hibernate-jpa-2.1-api-1.0.0.Final.jar;C:\Users\tanta\.m2\repository\org\javassist\javassist\3.22.0-CR2\javassist-3.22.0-CR2.jar;C:\Users\tanta\.m2\repository\antlr\antlr\2.7.7\antlr-2.7.7.jar;C:\Users\tanta\.m2\repository\org\jboss\jandex\2.0.3.Final\jandex-2.0.3.Final.jar;C:\Users\tanta\.m2\repository\com\fasterxml\classmate\1.3.4\classmate-1.3.4.jar;C:\Users\tanta\.m2\repository\dom4j\dom4j\1.6.1\dom4j-1.6.1.jar;C:\Users\tanta\.m2\repository\org\hibernate\common\hibernate-commons-annotations\5.0.1.Final\hibernate-commons-annotations-5.0.1.Final.jar;C:\Users\tanta\.m2\repository\javax\transaction\javax.transaction-api\1.2\javax.transaction-api-1.2.jar;C:\Users\tanta\.m2\repository\org\springframework\data\spring-data-jpa\2.0.0.RELEASE\spring-data-jpa-2.0.0.RELEASE.jar;C:\Users\tanta\.m2\repository\org\springframework\data\spring-data-commons\2.0.0.RELEASE\spring-data-commons-2.0.0.RELEASE.jar;C:\Users\tanta\.m2\repository\org\springframework\spring-orm\5.0.0.RELEASE\spring-orm-5.0.0.RELEASE.jar;C:\Users\tanta\.m2\repository\org\springframework\spring-tx\5.0.0.RELEASE\spring-tx-5.0.0.RELEASE.jar;C:\Users\tanta\.m2\repository\org\springframework\spring-aspects\5.0.0.RELEASE\spring-aspects-5.0.0.RELEASE.jar;C:\Users\tanta\.m2\repository\org\springframework\boot\spring-boot-starter-data-rest\2.0.0.M5\spring-boot-starter-data-rest-2.0.0.M5.jar;C:\Users\tanta\.m2\repository\org\springframework\boot\spring-boot-starter-json\2.0.0.M5\spring-boot-starter-json-2.0.0.M5.jar;C:\Users\tanta\.m2\repository\com\fasterxml\jackson\datatype\jackson-datatype-jdk8\2.9.1\jackson-datatype-jdk8-2.9.1.jar;C:\Users\tanta\.m2\repository\com\fasterxml\jackson\datatype\jackson-datatype-jsr310\2.9.1\jackson-datatype-jsr310-2.9.1.jar;C:\Users\tanta\.m2\repository\com\fasterxml\jackson\module\jackson-module-parameter-names\2.9.1\jackson-module-parameter-names-2.9.1.jar;C:\Users\tanta\.m2\repository\com\fasterxml\jackson\module\jackson-module-kotlin\2.9.1\jackson-module-kotlin-2.9.1.jar;C:\Users\tanta\.m2\repository\org\springframework\data\spring-data-rest-webmvc\3.0.0.RELEASE\spring-data-rest-webmvc-3.0.0.RELEASE.jar;C:\Users\tanta\.m2\repository\org\springframework\data\spring-data-rest-core\3.0.0.RELEASE\spring-data-rest-core-3.0.0.RELEASE.jar;C:\Users\tanta\.m2\repository\org\springframework\hateoas\spring-hateoas\0.23.0.RELEASE\spring-hateoas-0.23.0.RELEASE.jar;C:\Users\tanta\.m2\repository\org\springframework\plugin\spring-plugin-core\1.2.0.RELEASE\spring-plugin-core-1.2.0.RELEASE.jar;C:\Users\tanta\.m2\repository\org\atteo\evo-inflector\1.2.2\evo-inflector-1.2.2.jar;C:\Users\tanta\.m2\repository\com\fasterxml\jackson\core\jackson-annotations\2.9.0\jackson-annotations-2.9.0.jar;C:\Users\tanta\.m2\repository\mysql\mysql-connector-java\5.1.44\mysql-connector-java-5.1.44.jar;C:\Users\tanta\git\Dievas\batch\target\dievas-batch.jar;C:\Users\tanta\.m2\repository\org\springframework\boot\spring-boot-starter-batch\2.0.0.M5\spring-boot-starter-batch-2.0.0.M5.jar;C:\Users\tanta\.m2\repository\org\springframework\batch\spring-batch-core\4.0.0.M3\spring-batch-core-4.0.0.M3.jar;C:\Users\tanta\.m2\repository\javax\batch\javax.batch-api\1.0\javax.batch-api-1.0.jar;C:\Users\tanta\.m2\repository\org\codehaus\jettison\jettison\1.2\jettison-1.2.jar;C:\Users\tanta\.m2\repository\org\springframework\batch\spring-batch-infrastructure\4.0.0.M3\spring-batch-infrastructure-4.0.0.M3.jar;C:\Users\tanta\.m2\repository\org\springframework\retry\spring-retry\1.2.1.RELEASE\spring-retry-1.2.1.RELEASE.jar;C:\Users\tanta\git\Dievas\service\target\dievas-service.jar;C:\Users\tanta\git\Dievas\webapp\target\dievas-webapp.jar;C:\Users\tanta\.m2\repository\org\springframework\boot\spring-boot-starter-web\2.0.0.M5\spring-boot-starter-web-2.0.0.M5.jar;C:\Users\tanta\.m2\repository\org\springframework\boot\spring-boot-starter-tomcat\2.0.0.M5\spring-boot-starter-tomcat-2.0.0.M5.jar;C:\Users\tanta\.m2\repository\org\apache\tomcat\embed\tomcat-embed-core\8.5.23\tomcat-embed-core-8.5.23.jar;C:\Users\tanta\.m2\repository\org\apache\tomcat\tomcat-annotations-api\8.5.23\tomcat-annotations-api-8.5.23.jar;C:\Users\tanta\.m2\repository\org\apache\tomcat\embed\tomcat-embed-el\8.5.23\tomcat-embed-el-8.5.23.jar;C:\Users\tanta\.m2\repository\org\apache\tomcat\embed\tomcat-embed-websocket\8.5.23\tomcat-embed-websocket-8.5.23.jar;C:\Users\tanta\.m2\repository\org\hibernate\validator\hibernate-validator\6.0.2.Final\hibernate-validator-6.0.2.Final.jar;C:\Users\tanta\.m2\repository\javax\validation\validation-api\2.0.0.Final\validation-api-2.0.0.Final.jar;C:\Users\tanta\.m2\repository\org\springframework\spring-web\5.0.0.RELEASE\spring-web-5.0.0.RELEASE.jar;C:\Users\tanta\.m2\repository\org\springframework\spring-webmvc\5.0.0.RELEASE\spring-webmvc-5.0.0.RELEASE.jar;C:\Users\tanta\.m2\repository\org\springframework\boot\spring-boot-starter-thymeleaf\2.0.0.M5\spring-boot-starter-thymeleaf-2.0.0.M5.jar;C:\Users\tanta\.m2\repository\org\thymeleaf\thymeleaf-spring5\3.0.8.RELEASE\thymeleaf-spring5-3.0.8.RELEASE.jar;C:\Users\tanta\.m2\repository\org\thymeleaf\thymeleaf\3.0.8.RELEASE\thymeleaf-3.0.8.RELEASE.jar;C:\Users\tanta\.m2\repository\org\attoparser\attoparser\2.0.4.RELEASE\attoparser-2.0.4.RELEASE.jar;C:\Users\tanta\.m2\repository\org\unbescape\unbescape\1.1.5.RELEASE\unbescape-1.1.5.RELEASE.jar;C:\Users\tanta\.m2\repository\org\thymeleaf\extras\thymeleaf-extras-java8time\3.0.1.RELEASE\thymeleaf-extras-java8time-3.0.1.RELEASE.jar;C:\Users\tanta\.m2\repository\org\springframework\boot\spring-boot-starter-security\2.0.0.M5\spring-boot-starter-security-2.0.0.M5.jar;C:\Users\tanta\.m2\repository\org\springframework\spring-aop\5.0.0.RELEASE\spring-aop-5.0.0.RELEASE.jar;C:\Users\tanta\.m2\repository\org\springframework\spring-beans\5.0.0.RELEASE\spring-beans-5.0.0.RELEASE.jar;C:\Users\tanta\.m2\repository\org\springframework\security\spring-security-config\5.0.0.M5\spring-security-config-5.0.0.M5.jar;C:\Users\tanta\.m2\repository\org\springframework\security\spring-security-core\5.0.0.M5\spring-security-core-5.0.0.M5.jar;C:\Users\tanta\.m2\repository\org\springframework\spring-context\5.0.0.RELEASE\spring-context-5.0.0.RELEASE.jar;C:\Users\tanta\.m2\repository\org\springframework\security\spring-security-web\5.0.0.M5\spring-security-web-5.0.0.M5.jar;C:\Users\tanta\.m2\repository\org\springframework\spring-expression\5.0.0.RELEASE\spring-expression-5.0.0.RELEASE.jar;C:\Users\tanta\.m2\repository\org\springframework\boot\spring-boot-starter-actuator\2.0.0.M5\spring-boot-starter-actuator-2.0.0.M5.jar;C:\Users\tanta\.m2\repository\org\springframework\boot\spring-boot-actuator-autoconfigure\2.0.0.M5\spring-boot-actuator-autoconfigure-2.0.0.M5.jar;C:\Users\tanta\.m2\repository\org\springframework\boot\spring-boot-actuator\2.0.0.M5\spring-boot-actuator-2.0.0.M5.jar;C:\Users\tanta\.m2\repository\com\fasterxml\jackson\core\jackson-databind\2.9.1\jackson-databind-2.9.1.jar;C:\Users\tanta\.m2\repository\com\fasterxml\jackson\core\jackson-core\2.9.1\jackson-core-2.9.1.jar;C:\Users\tanta\.m2\repository\io\micrometer\micrometer-core\1.0.0-rc.2\micrometer-core-1.0.0-rc.2.jar;C:\Users\tanta\.m2\repository\org\springframework\boot\spring-boot-starter-undertow\2.0.0.M5\spring-boot-starter-undertow-2.0.0.M5.jar;C:\Users\tanta\.m2\repository\io\undertow\undertow-core\1.4.20.Final\undertow-core-1.4.20.Final.jar;C:\Users\tanta\.m2\repository\org\jboss\logging\jboss-logging\3.3.1.Final\jboss-logging-3.3.1.Final.jar;C:\Users\tanta\.m2\repository\org\jboss\xnio\xnio-api\3.3.8.Final\xnio-api-3.3.8.Final.jar;C:\Users\tanta\.m2\repository\org\jboss\xnio\xnio-nio\3.3.8.Final\xnio-nio-3.3.8.Final.jar;C:\Users\tanta\.m2\repository\io\undertow\undertow-servlet\1.4.20.Final\undertow-servlet-1.4.20.Final.jar;C:\Users\tanta\.m2\repository\org\jboss\spec\javax\annotation\jboss-annotations-api_1.2_spec\1.0.0.Final\jboss-annotations-api_1.2_spec-1.0.0.Final.jar;C:\Users\tanta\.m2\repository\io\undertow\undertow-websockets-jsr\1.4.20.Final\undertow-websockets-jsr-1.4.20.Final.jar;C:\Users\tanta\.m2\repository\org\jboss\spec\javax\websocket\jboss-websocket-api_1.1_spec\1.1.0.Final\jboss-websocket-api_1.1_spec-1.1.0.Final.jar;C:\Users\tanta\.m2\repository\javax\servlet\javax.servlet-api\3.1.0\javax.servlet-api-3.1.0.jar;C:\Users\tanta\.m2\repository\org\glassfish\javax.el\3.0.0\javax.el-3.0.0.jar;C:\Users\tanta\.m2\repository\org\projectlombok\lombok\1.16.18\lombok-1.16.18.jar;C:\Users\tanta\.m2\repository\org\springframework\boot\spring-boot-starter\2.0.0.M5\spring-boot-starter-2.0.0.M5.jar;C:\Users\tanta\.m2\repository\org\springframework\boot\spring-boot\2.0.0.M5\spring-boot-2.0.0.M5.jar;C:\Users\tanta\.m2\repository\org\springframework\boot\spring-boot-starter-logging\2.0.0.M5\spring-boot-starter-logging-2.0.0.M5.jar;C:\Users\tanta\.m2\repository\ch\qos\logback\logback-classic\1.2.3\logback-classic-1.2.3.jar;C:\Users\tanta\.m2\repository\ch\qos\logback\logback-core\1.2.3\logback-core-1.2.3.jar;C:\Users\tanta\.m2\repository\org\slf4j\jul-to-slf4j\1.7.25\jul-to-slf4j-1.7.25.jar;C:\Users\tanta\.m2\repository\org\slf4j\log4j-over-slf4j\1.7.25\log4j-over-slf4j-1.7.25.jar;C:\Users\tanta\.m2\repository\javax\annotation\javax.annotation-api\1.3.1\javax.annotation-api-1.3.1.jar;C:\Users\tanta\.m2\repository\org\springframework\spring-core\5.0.0.RELEASE\spring-core-5.0.0.RELEASE.jar;C:\Users\tanta\.m2\repository\org\springframework\spring-jcl\5.0.0.RELEASE\spring-jcl-5.0.0.RELEASE.jar;C:\Users\tanta\.m2\repository\org\yaml\snakeyaml\1.18\snakeyaml-1.18.jar;C:\Users\tanta\.m2\repository\org\springframework\boot\spring-boot-starter-test\2.0.0.M5\spring-boot-starter-test-2.0.0.M5.jar;C:\Users\tanta\.m2\repository\org\springframework\boot\spring-boot-test\2.0.0.M5\spring-boot-test-2.0.0.M5.jar;C:\Users\tanta\.m2\repository\org\springframework\boot\spring-boot-test-autoconfigure\2.0.0.M5\spring-boot-test-autoconfigure-2.0.0.M5.jar;C:\Users\tanta\.m2\repository\com\jayway\jsonpath\json-path\2.4.0\json-path-2.4.0.jar;C:\Users\tanta\.m2\repository\net\minidev\json-smart\2.3\json-smart-2.3.jar;C:\Users\tanta\.m2\repository\net\minidev\accessors-smart\1.2\accessors-smart-1.2.jar;C:\Users\tanta\.m2\repository\org\ow2\asm\asm\5.0.4\asm-5.0.4.jar;C:\Users\tanta\.m2\repository\org\slf4j\slf4j-api\1.7.25\slf4j-api-1.7.25.jar;C:\Users\tanta\.m2\repository\junit\junit\4.12\junit-4.12.jar;C:\Users\tanta\.m2\repository\org\assertj\assertj-core\3.8.0\assertj-core-3.8.0.jar;C:\Users\tanta\.m2\repository\org\mockito\mockito-core\2.10.0\mockito-core-2.10.0.jar;C:\Users\tanta\.m2\repository\net\bytebuddy\byte-buddy\1.7.6\byte-buddy-1.7.6.jar;C:\Users\tanta\.m2\repository\net\bytebuddy\byte-buddy-agent\1.7.6\byte-buddy-agent-1.7.6.jar;C:\Users\tanta\.m2\repository\org\objenesis\objenesis\2.6\objenesis-2.6.jar;C:\Users\tanta\.m2\repository\org\hamcrest\hamcrest-core\1.3\hamcrest-core-1.3.jar;C:\Users\tanta\.m2\repository\org\hamcrest\hamcrest-library\1.3\hamcrest-library-1.3.jar;C:\Users\tanta\.m2\repository\org\skyscreamer\jsonassert\1.5.0\jsonassert-1.5.0.jar;C:\Users\tanta\.m2\repository\com\vaadin\external\google\android-json\0.0.20131108.vaadin1\android-json-0.0.20131108.vaadin1.jar;C:\Users\tanta\.m2\repository\org\springframework\spring-test\5.0.0.RELEASE\spring-test-5.0.0.RELEASE.jar;C:\Users\tanta\.m2\repository\org\xmlunit\xmlunit-core\2.5.0\xmlunit-core-2.5.0.jar;C:\Users\tanta\.m2\repository\org\springframework\boot\spring-boot-devtools\2.0.0.M5\spring-boot-devtools-2.0.0.M5.jar;C:\Users\tanta\.m2\repository\org\springframework\boot\spring-boot-autoconfigure\2.0.0.M5\spring-boot-autoconfigure-2.0.0.M5.jar;"/>
    <property name="java.vm.vendor" value="Oracle Corporation"/>
    <property name="sun.arch.data.model" value="64"/>
    <property name="user.variant" value=""/>
    <property name="java.vendor.url" value="http://java.oracle.com/"/>
    <property name="user.timezone" value=""/>
    <property name="java.vm.specification.version" value="1.8"/>
    <property name="os.name" value="Windows 10"/>
    <property name="user.country" value="JP"/>
    <property name="sun.java.launcher" value="SUN_STANDARD"/>
    <property name="sun.boot.library.path" value="C:\Program Files\Java\jdk1.8.0_144\jre\bin"/>
    <property name="sun.java.command" value="C:\Users\tanta\AppData\Local\Temp\surefire379564709664437892\surefirebooter7661367721307597452.jar C:\Users\tanta\AppData\Local\Temp\surefire379564709664437892 2017-11-19T21-40-11_097-jvmRun1 surefire3474538134125191972tmp surefire_08022824051335717056tmp"/>
    <property name="surefire.test.class.path" value="C:\Users\tanta\git\Dievas\system\target\test-classes;C:\Users\tanta\git\Dievas\system\target\classes;C:\Users\tanta\git\Dievas\commons\target\dievas-commons.jar;C:\Users\tanta\.m2\repository\com\google\guava\guava\23.3-jre\guava-23.3-jre.jar;C:\Users\tanta\.m2\repository\com\google\code\findbugs\jsr305\1.3.9\jsr305-1.3.9.jar;C:\Users\tanta\.m2\repository\com\google\errorprone\error_prone_annotations\2.0.18\error_prone_annotations-2.0.18.jar;C:\Users\tanta\.m2\repository\com\google\j2objc\j2objc-annotations\1.1\j2objc-annotations-1.1.jar;C:\Users\tanta\.m2\repository\org\codehaus\mojo\animal-sniffer-annotations\1.14\animal-sniffer-annotations-1.14.jar;C:\Users\tanta\git\Dievas\database\target\dievas-database.jar;C:\Users\tanta\.m2\repository\org\springframework\boot\spring-boot-starter-data-jpa\2.0.0.M5\spring-boot-starter-data-jpa-2.0.0.M5.jar;C:\Users\tanta\.m2\repository\org\springframework\boot\spring-boot-starter-aop\2.0.0.M5\spring-boot-starter-aop-2.0.0.M5.jar;C:\Users\tanta\.m2\repository\org\aspectj\aspectjweaver\1.8.11\aspectjweaver-1.8.11.jar;C:\Users\tanta\.m2\repository\org\springframework\boot\spring-boot-starter-jdbc\2.0.0.M5\spring-boot-starter-jdbc-2.0.0.M5.jar;C:\Users\tanta\.m2\repository\com\zaxxer\HikariCP\2.7.2\HikariCP-2.7.2.jar;C:\Users\tanta\.m2\repository\org\springframework\spring-jdbc\5.0.0.RELEASE\spring-jdbc-5.0.0.RELEASE.jar;C:\Users\tanta\.m2\repository\org\hibernate\hibernate-core\5.2.11.Final\hibernate-core-5.2.11.Final.jar;C:\Users\tanta\.m2\repository\org\hibernate\javax\persistence\hibernate-jpa-2.1-api\1.0.0.Final\hibernate-jpa-2.1-api-1.0.0.Final.jar;C:\Users\tanta\.m2\repository\org\javassist\javassist\3.22.0-CR2\javassist-3.22.0-CR2.jar;C:\Users\tanta\.m2\repository\antlr\antlr\2.7.7\antlr-2.7.7.jar;C:\Users\tanta\.m2\repository\org\jboss\jandex\2.0.3.Final\jandex-2.0.3.Final.jar;C:\Users\tanta\.m2\repository\com\fasterxml\classmate\1.3.4\classmate-1.3.4.jar;C:\Users\tanta\.m2\repository\dom4j\dom4j\1.6.1\dom4j-1.6.1.jar;C:\Users\tanta\.m2\repository\org\hibernate\common\hibernate-commons-annotations\5.0.1.Final\hibernate-commons-annotations-5.0.1.Final.jar;C:\Users\tanta\.m2\repository\javax\transaction\javax.transaction-api\1.2\javax.transaction-api-1.2.jar;C:\Users\tanta\.m2\repository\org\springframework\data\spring-data-jpa\2.0.0.RELEASE\spring-data-jpa-2.0.0.RELEASE.jar;C:\Users\tanta\.m2\repository\org\springframework\data\spring-data-commons\2.0.0.RELEASE\spring-data-commons-2.0.0.RELEASE.jar;C:\Users\tanta\.m2\repository\org\springframework\spring-orm\5.0.0.RELEASE\spring-orm-5.0.0.RELEASE.jar;C:\Users\tanta\.m2\repository\org\springframework\spring-tx\5.0.0.RELEASE\spring-tx-5.0.0.RELEASE.jar;C:\Users\tanta\.m2\repository\org\springframework\spring-aspects\5.0.0.RELEASE\spring-aspects-5.0.0.RELEASE.jar;C:\Users\tanta\.m2\repository\org\springframework\boot\spring-boot-starter-data-rest\2.0.0.M5\spring-boot-starter-data-rest-2.0.0.M5.jar;C:\Users\tanta\.m2\repository\org\springframework\boot\spring-boot-starter-json\2.0.0.M5\spring-boot-starter-json-2.0.0.M5.jar;C:\Users\tanta\.m2\repository\com\fasterxml\jackson\datatype\jackson-datatype-jdk8\2.9.1\jackson-datatype-jdk8-2.9.1.jar;C:\Users\tanta\.m2\repository\com\fasterxml\jackson\datatype\jackson-datatype-jsr310\2.9.1\jackson-datatype-jsr310-2.9.1.jar;C:\Users\tanta\.m2\repository\com\fasterxml\jackson\module\jackson-module-parameter-names\2.9.1\jackson-module-parameter-names-2.9.1.jar;C:\Users\tanta\.m2\repository\com\fasterxml\jackson\module\jackson-module-kotlin\2.9.1\jackson-module-kotlin-2.9.1.jar;C:\Users\tanta\.m2\repository\org\springframework\data\spring-data-rest-webmvc\3.0.0.RELEASE\spring-data-rest-webmvc-3.0.0.RELEASE.jar;C:\Users\tanta\.m2\repository\org\springframework\data\spring-data-rest-core\3.0.0.RELEASE\spring-data-rest-core-3.0.0.RELEASE.jar;C:\Users\tanta\.m2\repository\org\springframework\hateoas\spring-hateoas\0.23.0.RELEASE\spring-hateoas-0.23.0.RELEASE.jar;C:\Users\tanta\.m2\repository\org\springframework\plugin\spring-plugin-core\1.2.0.RELEASE\spring-plugin-core-1.2.0.RELEASE.jar;C:\Users\tanta\.m2\repository\org\atteo\evo-inflector\1.2.2\evo-inflector-1.2.2.jar;C:\Users\tanta\.m2\repository\com\fasterxml\jackson\core\jackson-annotations\2.9.0\jackson-annotations-2.9.0.jar;C:\Users\tanta\.m2\repository\mysql\mysql-connector-java\5.1.44\mysql-connector-java-5.1.44.jar;C:\Users\tanta\git\Dievas\batch\target\dievas-batch.jar;C:\Users\tanta\.m2\repository\org\springframework\boot\spring-boot-starter-batch\2.0.0.M5\spring-boot-starter-batch-2.0.0.M5.jar;C:\Users\tanta\.m2\repository\org\springframework\batch\spring-batch-core\4.0.0.M3\spring-batch-core-4.0.0.M3.jar;C:\Users\tanta\.m2\repository\javax\batch\javax.batch-api\1.0\javax.batch-api-1.0.jar;C:\Users\tanta\.m2\repository\org\codehaus\jettison\jettison\1.2\jettison-1.2.jar;C:\Users\tanta\.m2\repository\org\springframework\batch\spring-batch-infrastructure\4.0.0.M3\spring-batch-infrastructure-4.0.0.M3.jar;C:\Users\tanta\.m2\repository\org\springframework\retry\spring-retry\1.2.1.RELEASE\spring-retry-1.2.1.RELEASE.jar;C:\Users\tanta\git\Dievas\service\target\dievas-service.jar;C:\Users\tanta\git\Dievas\webapp\target\dievas-webapp.jar;C:\Users\tanta\.m2\repository\org\springframework\boot\spring-boot-starter-web\2.0.0.M5\spring-boot-starter-web-2.0.0.M5.jar;C:\Users\tanta\.m2\repository\org\springframework\boot\spring-boot-starter-tomcat\2.0.0.M5\spring-boot-starter-tomcat-2.0.0.M5.jar;C:\Users\tanta\.m2\repository\org\apache\tomcat\embed\tomcat-embed-core\8.5.23\tomcat-embed-core-8.5.23.jar;C:\Users\tanta\.m2\repository\org\apache\tomcat\tomcat-annotations-api\8.5.23\tomcat-annotations-api-8.5.23.jar;C:\Users\tanta\.m2\repository\org\apache\tomcat\embed\tomcat-embed-el\8.5.23\tomcat-embed-el-8.5.23.jar;C:\Users\tanta\.m2\repository\org\apache\tomcat\embed\tomcat-embed-websocket\8.5.23\tomcat-embed-websocket-8.5.23.jar;C:\Users\tanta\.m2\repository\org\hibernate\validator\hibernate-validator\6.0.2.Final\hibernate-validator-6.0.2.Final.jar;C:\Users\tanta\.m2\repository\javax\validation\validation-api\2.0.0.Final\validation-api-2.0.0.Final.jar;C:\Users\tanta\.m2\repository\org\springframework\spring-web\5.0.0.RELEASE\spring-web-5.0.0.RELEASE.jar;C:\Users\tanta\.m2\repository\org\springframework\spring-webmvc\5.0.0.RELEASE\spring-webmvc-5.0.0.RELEASE.jar;C:\Users\tanta\.m2\repository\org\springframework\boot\spring-boot-starter-thymeleaf\2.0.0.M5\spring-boot-starter-thymeleaf-2.0.0.M5.jar;C:\Users\tanta\.m2\repository\org\thymeleaf\thymeleaf-spring5\3.0.8.RELEASE\thymeleaf-spring5-3.0.8.RELEASE.jar;C:\Users\tanta\.m2\repository\org\thymeleaf\thymeleaf\3.0.8.RELEASE\thymeleaf-3.0.8.RELEASE.jar;C:\Users\tanta\.m2\repository\org\attoparser\attoparser\2.0.4.RELEASE\attoparser-2.0.4.RELEASE.jar;C:\Users\tanta\.m2\repository\org\unbescape\unbescape\1.1.5.RELEASE\unbescape-1.1.5.RELEASE.jar;C:\Users\tanta\.m2\repository\org\thymeleaf\extras\thymeleaf-extras-java8time\3.0.1.RELEASE\thymeleaf-extras-java8time-3.0.1.RELEASE.jar;C:\Users\tanta\.m2\repository\org\springframework\boot\spring-boot-starter-security\2.0.0.M5\spring-boot-starter-security-2.0.0.M5.jar;C:\Users\tanta\.m2\repository\org\springframework\spring-aop\5.0.0.RELEASE\spring-aop-5.0.0.RELEASE.jar;C:\Users\tanta\.m2\repository\org\springframework\spring-beans\5.0.0.RELEASE\spring-beans-5.0.0.RELEASE.jar;C:\Users\tanta\.m2\repository\org\springframework\security\spring-security-config\5.0.0.M5\spring-security-config-5.0.0.M5.jar;C:\Users\tanta\.m2\repository\org\springframework\security\spring-security-core\5.0.0.M5\spring-security-core-5.0.0.M5.jar;C:\Users\tanta\.m2\repository\org\springframework\spring-context\5.0.0.RELEASE\spring-context-5.0.0.RELEASE.jar;C:\Users\tanta\.m2\repository\org\springframework\security\spring-security-web\5.0.0.M5\spring-security-web-5.0.0.M5.jar;C:\Users\tanta\.m2\repository\org\springframework\spring-expression\5.0.0.RELEASE\spring-expression-5.0.0.RELEASE.jar;C:\Users\tanta\.m2\repository\org\springframework\boot\spring-boot-starter-actuator\2.0.0.M5\spring-boot-starter-actuator-2.0.0.M5.jar;C:\Users\tanta\.m2\repository\org\springframework\boot\spring-boot-actuator-autoconfigure\2.0.0.M5\spring-boot-actuator-autoconfigure-2.0.0.M5.jar;C:\Users\tanta\.m2\repository\org\springframework\boot\spring-boot-actuator\2.0.0.M5\spring-boot-actuator-2.0.0.M5.jar;C:\Users\tanta\.m2\repository\com\fasterxml\jackson\core\jackson-databind\2.9.1\jackson-databind-2.9.1.jar;C:\Users\tanta\.m2\repository\com\fasterxml\jackson\core\jackson-core\2.9.1\jackson-core-2.9.1.jar;C:\Users\tanta\.m2\repository\io\micrometer\micrometer-core\1.0.0-rc.2\micrometer-core-1.0.0-rc.2.jar;C:\Users\tanta\.m2\repository\org\springframework\boot\spring-boot-starter-undertow\2.0.0.M5\spring-boot-starter-undertow-2.0.0.M5.jar;C:\Users\tanta\.m2\repository\io\undertow\undertow-core\1.4.20.Final\undertow-core-1.4.20.Final.jar;C:\Users\tanta\.m2\repository\org\jboss\logging\jboss-logging\3.3.1.Final\jboss-logging-3.3.1.Final.jar;C:\Users\tanta\.m2\repository\org\jboss\xnio\xnio-api\3.3.8.Final\xnio-api-3.3.8.Final.jar;C:\Users\tanta\.m2\repository\org\jboss\xnio\xnio-nio\3.3.8.Final\xnio-nio-3.3.8.Final.jar;C:\Users\tanta\.m2\repository\io\undertow\undertow-servlet\1.4.20.Final\undertow-servlet-1.4.20.Final.jar;C:\Users\tanta\.m2\repository\org\jboss\spec\javax\annotation\jboss-annotations-api_1.2_spec\1.0.0.Final\jboss-annotations-api_1.2_spec-1.0.0.Final.jar;C:\Users\tanta\.m2\repository\io\undertow\undertow-websockets-jsr\1.4.20.Final\undertow-websockets-jsr-1.4.20.Final.jar;C:\Users\tanta\.m2\repository\org\jboss\spec\javax\websocket\jboss-websocket-api_1.1_spec\1.1.0.Final\jboss-websocket-api_1.1_spec-1.1.0.Final.jar;C:\Users\tanta\.m2\repository\javax\servlet\javax.servlet-api\3.1.0\javax.servlet-api-3.1.0.jar;C:\Users\tanta\.m2\repository\org\glassfish\javax.el\3.0.0\javax.el-3.0.0.jar;C:\Users\tanta\.m2\repository\org\projectlombok\lombok\1.16.18\lombok-1.16.18.jar;C:\Users\tanta\.m2\repository\org\springframework\boot\spring-boot-starter\2.0.0.M5\spring-boot-starter-2.0.0.M5.jar;C:\Users\tanta\.m2\repository\org\springframework\boot\spring-boot\2.0.0.M5\spring-boot-2.0.0.M5.jar;C:\Users\tanta\.m2\repository\org\springframework\boot\spring-boot-starter-logging\2.0.0.M5\spring-boot-starter-logging-2.0.0.M5.jar;C:\Users\tanta\.m2\repository\ch\qos\logback\logback-classic\1.2.3\logback-classic-1.2.3.jar;C:\Users\tanta\.m2\repository\ch\qos\logback\logback-core\1.2.3\logback-core-1.2.3.jar;C:\Users\tanta\.m2\repository\org\slf4j\jul-to-slf4j\1.7.25\jul-to-slf4j-1.7.25.jar;C:\Users\tanta\.m2\repository\org\slf4j\log4j-over-slf4j\1.7.25\log4j-over-slf4j-1.7.25.jar;C:\Users\tanta\.m2\repository\javax\annotation\javax.annotation-api\1.3.1\javax.annotation-api-1.3.1.jar;C:\Users\tanta\.m2\repository\org\springframework\spring-core\5.0.0.RELEASE\spring-core-5.0.0.RELEASE.jar;C:\Users\tanta\.m2\repository\org\springframework\spring-jcl\5.0.0.RELEASE\spring-jcl-5.0.0.RELEASE.jar;C:\Users\tanta\.m2\repository\org\yaml\snakeyaml\1.18\snakeyaml-1.18.jar;C:\Users\tanta\.m2\repository\org\springframework\boot\spring-boot-starter-test\2.0.0.M5\spring-boot-starter-test-2.0.0.M5.jar;C:\Users\tanta\.m2\repository\org\springframework\boot\spring-boot-test\2.0.0.M5\spring-boot-test-2.0.0.M5.jar;C:\Users\tanta\.m2\repository\org\springframework\boot\spring-boot-test-autoconfigure\2.0.0.M5\spring-boot-test-autoconfigure-2.0.0.M5.jar;C:\Users\tanta\.m2\repository\com\jayway\jsonpath\json-path\2.4.0\json-path-2.4.0.jar;C:\Users\tanta\.m2\repository\net\minidev\json-smart\2.3\json-smart-2.3.jar;C:\Users\tanta\.m2\repository\net\minidev\accessors-smart\1.2\accessors-smart-1.2.jar;C:\Users\tanta\.m2\repository\org\ow2\asm\asm\5.0.4\asm-5.0.4.jar;C:\Users\tanta\.m2\repository\org\slf4j\slf4j-api\1.7.25\slf4j-api-1.7.25.jar;C:\Users\tanta\.m2\repository\junit\junit\4.12\junit-4.12.jar;C:\Users\tanta\.m2\repository\org\assertj\assertj-core\3.8.0\assertj-core-3.8.0.jar;C:\Users\tanta\.m2\repository\org\mockito\mockito-core\2.10.0\mockito-core-2.10.0.jar;C:\Users\tanta\.m2\repository\net\bytebuddy\byte-buddy\1.7.6\byte-buddy-1.7.6.jar;C:\Users\tanta\.m2\repository\net\bytebuddy\byte-buddy-agent\1.7.6\byte-buddy-agent-1.7.6.jar;C:\Users\tanta\.m2\repository\org\objenesis\objenesis\2.6\objenesis-2.6.jar;C:\Users\tanta\.m2\repository\org\hamcrest\hamcrest-core\1.3\hamcrest-core-1.3.jar;C:\Users\tanta\.m2\repository\org\hamcrest\hamcrest-library\1.3\hamcrest-library-1.3.jar;C:\Users\tanta\.m2\repository\org\skyscreamer\jsonassert\1.5.0\jsonassert-1.5.0.jar;C:\Users\tanta\.m2\repository\com\vaadin\external\google\android-json\0.0.20131108.vaadin1\android-json-0.0.20131108.vaadin1.jar;C:\Users\tanta\.m2\repository\org\springframework\spring-test\5.0.0.RELEASE\spring-test-5.0.0.RELEASE.jar;C:\Users\tanta\.m2\repository\org\xmlunit\xmlunit-core\2.5.0\xmlunit-core-2.5.0.jar;C:\Users\tanta\.m2\repository\org\springframework\boot\spring-boot-devtools\2.0.0.M5\spring-boot-devtools-2.0.0.M5.jar;C:\Users\tanta\.m2\repository\org\springframework\boot\spring-boot-autoconfigure\2.0.0.M5\spring-boot-autoconfigure-2.0.0.M5.jar;"/>
    <property name="sun.cpu.endian" value="little"/>
    <property name="user.home" value="C:\Users\tanta"/>
    <property name="user.language" value="ja"/>
    <property name="java.specification.vendor" value="Oracle Corporation"/>
    <property name="java.home" value="C:\Program Files\Java\jdk1.8.0_144\jre"/>
    <property name="basedir" value="C:\Users\tanta\git\Dievas\system"/>
    <property name="file.separator" value="\"/>
    <property name="line.separator" value="&#10;"/>
    <property name="java.vm.specification.vendor" value="Oracle Corporation"/>
    <property name="java.specification.name" value="Java Platform API Specification"/>
    <property name="java.awt.graphicsenv" value="sun.awt.Win32GraphicsEnvironment"/>
    <property name="surefire.real.class.path" value="C:\Users\tanta\AppData\Local\Temp\surefire379564709664437892\surefirebooter7661367721307597452.jar"/>
    <property name="sun.boot.class.path" value="C:\Program Files\Java\jdk1.8.0_144\jre\lib\resources.jar;C:\Program Files\Java\jdk1.8.0_144\jre\lib\rt.jar;C:\Program Files\Java\jdk1.8.0_144\jre\lib\sunrsasign.jar;C:\Program Files\Java\jdk1.8.0_144\jre\lib\jsse.jar;C:\Program Files\Java\jdk1.8.0_144\jre\lib\jce.jar;C:\Program Files\Java\jdk1.8.0_144\jre\lib\charsets.jar;C:\Program Files\Java\jdk1.8.0_144\jre\lib\jfr.jar;C:\Program Files\Java\jdk1.8.0_144\jre\classes"/>
    <property name="user.script" value=""/>
    <property name="sun.management.compiler" value="HotSpot 64-Bit Tiered Compilers"/>
    <property name="java.runtime.version" value="1.8.0_144-b01"/>
    <property name="user.name" value="tanta"/>
    <property name="path.separator" value=";"/>
    <property name="os.version" value="10.0"/>
    <property name="java.endorsed.dirs" value="C:\Program Files\Java\jdk1.8.0_144\jre\lib\endorsed"/>
    <property name="java.runtime.name" value="Java(TM) SE Runtime Environment"/>
    <property name="file.encoding" value="MS932"/>
    <property name="java.vm.name" value="Java HotSpot(TM) 64-Bit Server VM"/>
    <property name="localRepository" value="C:\Users\tanta\.m2\repository"/>
    <property name="java.vendor.url.bug" value="http://bugreport.sun.com/bugreport/"/>
    <property name="java.io.tmpdir" value="C:\Users\tanta\AppData\Local\Temp\"/>
    <property name="java.version" value="1.8.0_144"/>
    <property name="user.dir" value="C:\Users\tanta\git\Dievas\system"/>
    <property name="os.arch" value="amd64"/>
    <property name="java.vm.specification.name" value="Java Virtual Machine Specification"/>
    <property name="java.awt.printerjob" value="sun.awt.windows.WPrinterJob"/>
    <property name="sun.os.patch.level" value=""/>
    <property name="java.library.path" value="C:\Program Files\Java\jdk1.8.0_144\jre\bin;C:\WINDOWS\Sun\Java\bin;C:\WINDOWS\system32;C:\WINDOWS;C:/Program Files/Java/jre1.8.0_144/bin/server;C:/Program Files/Java/jre1.8.0_144/bin;C:/Program Files/Java/jre1.8.0_144/lib/amd64;C:\ProgramData\Oracle\Java\javapath;C:\WINDOWS\system32;C:\WINDOWS;C:\WINDOWS\System32\Wbem;C:\WINDOWS\System32\WindowsPowerShell\v1.0\;C:\Program Files\Intel\WiFi\bin\;C:\Program Files\Common Files\Intel\WirelessCommon\;C:\Program Files (x86)\NVIDIA Corporation\PhysX\Common;C:\Program Files (x86)\GtkSharp\2.12\bin;C:\HashiCorp\Vagrant\bin;C:\Program Files\nodejs\;C:\Program Files\Git\cmd;C:\Program Files\MySQL\MySQL Utilities 1.6\;C:\Users\tanta\AppData\Local\Microsoft\WindowsApps;C:\Program Files\Intel\WiFi\bin\;C:\Program Files\Common Files\Intel\WirelessCommon\;C:\Users\tanta\AppData\Local\atom\bin;C:\Users\tanta\AppData\Roaming\npm;E:\sts-bundle\sts-3.9.1.RELEASE;;."/>
    <property name="java.vm.info" value="mixed mode"/>
    <property name="java.vendor" value="Oracle Corporation"/>
    <property name="java.vm.version" value="25.144-b01"/>
    <property name="java.ext.dirs" value="C:\Program Files\Java\jdk1.8.0_144\jre\lib\ext;C:\WINDOWS\Sun\Java\lib\ext"/>
    <property name="sun.io.unicode.encoding" value="UnicodeLittle"/>
    <property name="java.class.version" value="52.0"/>
  </properties>
  <testcase name="contextLoads" classname="io.hexaforce.dievas.system.DievasTest" time="0.08"/>
</testsuite>